<?xml version="1.0" encoding="UTF-8"?>
<!-- Generated by org.testng.reporters.JUnitReportReporter -->
<testsuite skipped="2" hostname="Lenovo-PC" name="TestRetry.MyTest" tests="3" failures="0" timestamp="18 Apr 2020 12:09:28 GMT" time="0.061" errors="0">
  <testcase name="TestRetry" time="0.051" classname="TestRetry.MyTest">
    <skipped/>
  </testcase> <!-- TestRetry -->
  <testcase name="TestRetry" time="0.006" classname="TestRetry.MyTest">
    <skipped/>
  </testcase> <!-- TestRetry -->
  <testcase name="TestRetry" time="0.004" classname="TestRetry.MyTest"/>
</testsuite> <!-- TestRetry.MyTest -->
